# JRE version: Java(TM) SE Runtime Environment (17.0.12+8) (build 17.0.12+8-LTS-286)
# Java VM: Java HotSpot(TM) 64-Bit Server VM (17.0.12+8-LTS-286, mixed mode, sharing, tiered, compressed oops, compressed class ptrs, g1 gc, windows-amd64)
GC Precious Log:
 CPUs: 12 total, 12 available
 Memory: 5996M
 Large Page Support: Disabled
 NUMA Support: Disabled
 Compressed Oops: Enabled (Zero based)
 Heap Region Size: 2M
 Heap Min Capacity: 8M
 Heap Initial Capacity: 94M
 Heap Max Capacity: 4G
 Pre-touch: Disabled
 Parallel Workers: 10
 Concurrent Workers: 3
 Concurrent Refinement Workers: 10
 Periodic GC: Disabled
Heap:
 garbage-first heap   total 96256K, used 45123K [0x0000000700000000, 0x0000000800000000)
  region size 2048K, 9 young (18432K), 2 survivors (4096K)
 Metaspace       used 37347K, committed 37824K, reserved 1114112K
  class space    used 5215K, committed 5440K, reserved 1048576K
GC Heap History (18 events):
Event: 0.373 GC heap before
{Heap before GC invocations=0 (full 0):
 garbage-first heap   total 96256K, used 22528K [0x0000000700000000, 0x0000000800000000)
  region size 2048K, 11 young (22528K), 0 survivors (0K)
 Metaspace       used 823K, committed 896K, reserved 1114112K
  class space    used 61K, committed 128K, reserved 1048576K
}
Event: 0.376 GC heap after
{Heap after GC invocations=1 (full 0):
 garbage-first heap   total 96256K, used 1467K [0x0000000700000000, 0x0000000800000000)
  region size 2048K, 1 young (2048K), 1 survivors (2048K)
 Metaspace       used 823K, committed 896K, reserved 1114112K
  class space    used 61K, committed 128K, reserved 1048576K
}
Event: 1.076 GC heap before
{Heap before GC invocations=1 (full 0):
 garbage-first heap   total 96256K, used 44475K [0x0000000700000000, 0x0000000800000000)
  region size 2048K, 20 young (40960K), 1 survivors (2048K)
 Metaspace       used 4396K, committed 4544K, reserved 1114112K
  class space    used 546K, committed 640K, reserved 1048576K
}
Event: 1.084 GC heap after
{Heap after GC invocations=2 (full 0):
 garbage-first heap   total 96256K, used 12075K [0x0000000700000000, 0x0000000800000000)
  region size 2048K, 3 young (6144K), 3 survivors (6144K)
 Metaspace       used 4396K, committed 4544K, reserved 1114112K
  class space    used 546K, committed 640K, reserved 1048576K
}
Event: 1.566 GC heap before
{Heap before GC invocations=2 (full 0):
 garbage-first heap   total 96256K, used 53035K [0x0000000700000000, 0x0000000800000000)
  region size 2048K, 23 young (47104K), 3 survivors (6144K)
 Metaspace       used 4457K, committed 4608K, reserved 1114112K
  class space    used 548K, committed 640K, reserved 1048576K
}
Event: 1.584 GC heap after
{Heap after GC invocations=3 (full 0):
 garbage-first heap   total 96256K, used 16758K [0x0000000700000000, 0x0000000800000000)
  region size 2048K, 3 young (6144K), 3 survivors (6144K)
 Metaspace       used 4457K, committed 4608K, reserved 1114112K
  class space    used 548K, committed 640K, reserved 1048576K
}
Event: 2.477 GC heap before
{Heap before GC invocations=3 (full 0):
 garbage-first heap   total 96256K, used 57718K [0x0000000700000000, 0x0000000800000000)
  region size 2048K, 23 young (47104K), 3 survivors (6144K)
 Metaspace       used 11651K, committed 11904K, reserved 1114112K
  class space    used 1584K, committed 1728K, reserved 1048576K
}
Event: 2.484 GC heap after
{Heap after GC invocations=4 (full 0):
 garbage-first heap   total 96256K, used 20750K [0x0000000700000000, 0x0000000800000000)
  region size 2048K, 3 young (6144K), 3 survivors (6144K)
 Metaspace       used 11651K, committed 11904K, reserved 1114112K
  class space    used 1584K, committed 1728K, reserved 1048576K
}
Event: 3.171 GC heap before
{Heap before GC invocations=4 (full 0):
 garbage-first heap   total 96256K, used 63758K [0x0000000700000000, 0x0000000800000000)
  region size 2048K, 24 young (49152K), 3 survivors (6144K)
 Metaspace       used 17705K, committed 17984K, reserved 1114112K
  class space    used 2543K, committed 2688K, reserved 1048576K
}
Event: 3.178 GC heap after
{Heap after GC invocations=5 (full 0):
 garbage-first heap   total 96256K, used 22899K [0x0000000700000000, 0x0000000800000000)
  region size 2048K, 2 young (4096K), 2 survivors (4096K)
 Metaspace       used 17705K, committed 17984K, reserved 1114112K
  class space    used 2543K, committed 2688K, reserved 1048576K
}
Event: 3.735 GC heap before
{Heap before GC invocations=5 (full 0):
 garbage-first heap   total 96256K, used 53619K [0x0000000700000000, 0x0000000800000000)
  region size 2048K, 18 young (36864K), 2 survivors (4096K)
 Metaspace       used 21182K, committed 21504K, reserved 1114112K
  class space    used 3083K, committed 3264K, reserved 1048576K
}
Event: 3.740 GC heap after
{Heap after GC invocations=6 (full 0):
 garbage-first heap   total 96256K, used 24625K [0x0000000700000000, 0x0000000800000000)
  region size 2048K, 3 young (6144K), 3 survivors (6144K)
 Metaspace       used 21182K, committed 21504K, reserved 1114112K
  class space    used 3083K, committed 3264K, reserved 1048576K
}
Event: 4.488 GC heap before
{Heap before GC invocations=7 (full 0):
 garbage-first heap   total 96256K, used 65585K [0x0000000700000000, 0x0000000800000000)
  region size 2048K, 24 young (49152K), 3 survivors (6144K)
 Metaspace       used 28280K, committed 28672K, reserved 1114112K
  class space    used 3986K, committed 4160K, reserved 1048576K
}
Event: 4.494 GC heap after
{Heap after GC invocations=8 (full 0):
 garbage-first heap   total 96256K, used 28087K [0x0000000700000000, 0x0000000800000000)
  region size 2048K, 3 young (6144K), 3 survivors (6144K)
 Metaspace       used 28280K, committed 28672K, reserved 1114112K
  class space    used 3986K, committed 4160K, reserved 1048576K
}
Event: 4.992 GC heap before
{Heap before GC invocations=8 (full 0):
 garbage-first heap   total 96256K, used 66999K [0x0000000700000000, 0x0000000800000000)
  region size 2048K, 23 young (47104K), 3 survivors (6144K)
 Metaspace       used 31868K, committed 32256K, reserved 1114112K
  class space    used 4486K, committed 4672K, reserved 1048576K
}
Event: 5.000 GC heap after
{Heap after GC invocations=9 (full 0):
 garbage-first heap   total 96256K, used 31450K [0x0000000700000000, 0x0000000800000000)
  region size 2048K, 2 young (4096K), 2 survivors (4096K)
 Metaspace       used 31868K, committed 32256K, reserved 1114112K
  class space    used 4486K, committed 4672K, reserved 1048576K
}
Event: 5.521 GC heap before
{Heap before GC invocations=9 (full 0):
 garbage-first heap   total 96256K, used 66266K [0x0000000700000000, 0x0000000800000000)
  region size 2048K, 19 young (38912K), 2 survivors (4096K)
 Metaspace       used 35723K, committed 36160K, reserved 1114112K
  class space    used 4961K, committed 5120K, reserved 1048576K
}
Event: 5.525 GC heap after
{Heap after GC invocations=10 (full 0):
 garbage-first heap   total 96256K, used 32835K [0x0000000700000000, 0x0000000800000000)
  region size 2048K, 2 young (4096K), 2 survivors (4096K)
 Metaspace       used 35723K, committed 36160K, reserved 1114112K
  class space    used 4961K, committed 5120K, reserved 1048576K
}

