# JRE version: Java(TM) SE Runtime Environment (17.0.12+8) (build 17.0.12+8-LTS-286)
# Java VM: Java HotSpot(TM) 64-Bit Server VM (17.0.12+8-LTS-286, mixed mode, sharing, tiered, compressed oops, compressed class ptrs, g1 gc, windows-amd64)
GC Precious Log:
 CPUs: 12 total, 12 available
 Memory: 5996M
 Large Page Support: Disabled
 NUMA Support: Disabled
 Compressed Oops: Enabled (32-bit)
 Heap Region Size: 1M
 Heap Min Capacity: 64M
 Heap Initial Capacity: 64M
 Heap Max Capacity: 64M
 Pre-touch: Disabled
 Parallel Workers: 10
 Concurrent Workers: 3
 Concurrent Refinement Workers: 10
 Periodic GC: Disabled
Heap:
 garbage-first heap   total 65536K, used 17862K [0x00000000fc000000, 0x0000000100000000)
  region size 1024K, 4 young (4096K), 1 survivors (1024K)
 Metaspace       used 17271K, committed 17536K, reserved 1114112K
  class space    used 2097K, committed 2240K, reserved 1048576K
GC Heap History (8 events):
Event: 12.967 GC heap before
{Heap before GC invocations=0 (full 0):
 garbage-first heap   total 65536K, used 22528K [0x00000000fc000000, 0x0000000100000000)
  region size 1024K, 23 young (23552K), 0 survivors (0K)
 Metaspace       used 8636K, committed 8768K, reserved 1114112K
  class space    used 921K, committed 1024K, reserved 1048576K
}
Event: 12.990 GC heap after
{Heap after GC invocations=1 (full 0):
 garbage-first heap   total 65536K, used 3708K [0x00000000fc000000, 0x0000000100000000)
  region size 1024K, 3 young (3072K), 3 survivors (3072K)
 Metaspace       used 8636K, committed 8768K, reserved 1114112K
  class space    used 921K, committed 1024K, reserved 1048576K
}
Event: 20.247 GC heap before
{Heap before GC invocations=1 (full 0):
 garbage-first heap   total 65536K, used 31356K [0x00000000fc000000, 0x0000000100000000)
  region size 1024K, 30 young (30720K), 3 survivors (3072K)
 Metaspace       used 9122K, committed 9344K, reserved 1114112K
  class space    used 963K, committed 1088K, reserved 1048576K
}
Event: 20.256 GC heap after
{Heap after GC invocations=2 (full 0):
 garbage-first heap   total 65536K, used 4816K [0x00000000fc000000, 0x0000000100000000)
  region size 1024K, 1 young (1024K), 1 survivors (1024K)
 Metaspace       used 9122K, committed 9344K, reserved 1114112K
  class space    used 963K, committed 1088K, reserved 1048576K
}
Event: 22.074 GC heap before
{Heap before GC invocations=2 (full 0):
 garbage-first heap   total 65536K, used 44752K [0x00000000fc000000, 0x0000000100000000)
  region size 1024K, 38 young (38912K), 1 survivors (1024K)
 Metaspace       used 14936K, committed 15104K, reserved 1114112K
  class space    used 1852K, committed 1920K, reserved 1048576K
}
Event: 22.080 GC heap after
{Heap after GC invocations=3 (full 0):
 garbage-first heap   total 65536K, used 14447K [0x00000000fc000000, 0x0000000100000000)
  region size 1024K, 5 young (5120K), 5 survivors (5120K)
 Metaspace       used 14936K, committed 15104K, reserved 1114112K
  class space    used 1852K, committed 1920K, reserved 1048576K
}
Event: 257.125 GC heap before
{Heap before GC invocations=3 (full 0):
 garbage-first heap   total 65536K, used 42095K [0x00000000fc000000, 0x0000000100000000)
  region size 1024K, 32 young (32768K), 5 survivors (5120K)
 Metaspace       used 17189K, committed 17536K, reserved 1114112K
  class space    used 2086K, committed 2240K, reserved 1048576K
}
Event: 257.189 GC heap after
{Heap after GC invocations=4 (full 0):
 garbage-first heap   total 65536K, used 15814K [0x00000000fc000000, 0x0000000100000000)
  region size 1024K, 1 young (1024K), 1 survivors (1024K)
 Metaspace       used 17189K, committed 17536K, reserved 1114112K
  class space    used 2086K, committed 2240K, reserved 1048576K
}

