# JRE version: Java(TM) SE Runtime Environment (17.0.12+8) (build 17.0.12+8-LTS-286)
# Java VM: Java HotSpot(TM) 64-Bit Server VM (17.0.12+8-LTS-286, mixed mode, sharing, tiered, compressed oops, compressed class ptrs, g1 gc, windows-amd64)
GC Precious Log:
 CPUs: 12 total, 12 available
 Memory: 5996M
 Large Page Support: Disabled
 NUMA Support: Disabled
 Compressed Oops: Enabled (Zero based)
 Heap Region Size: 2M
 Heap Min Capacity: 8M
 Heap Initial Capacity: 94M
 Heap Max Capacity: 4G
 Pre-touch: Disabled
 Parallel Workers: 10
 Concurrent Workers: 3
 Concurrent Refinement Workers: 10
 Periodic GC: Disabled
Heap:
 garbage-first heap   total 221184K, used 170176K [0x0000000700000000, 0x0000000800000000)
  region size 2048K, 15 young (30720K), 2 survivors (4096K)
 Metaspace       used 103113K, committed 104256K, reserved 1179648K
  class space    used 14336K, committed 14848K, reserved 1048576K
GC Heap History (20 events):
Event: 138.779 GC heap before
{Heap before GC invocations=42 (full 0):
 garbage-first heap   total 184320K, used 149533K [0x0000000700000000, 0x0000000800000000)
  region size 2048K, 20 young (40960K), 3 survivors (6144K)
 Metaspace       used 83961K, committed 84928K, reserved 1179648K
  class space    used 11590K, committed 12032K, reserved 1048576K
}
Event: 138.783 GC heap after
{Heap after GC invocations=43 (full 0):
 garbage-first heap   total 184320K, used 115920K [0x0000000700000000, 0x0000000800000000)
  region size 2048K, 2 young (4096K), 2 survivors (4096K)
 Metaspace       used 83961K, committed 84928K, reserved 1179648K
  class space    used 11590K, committed 12032K, reserved 1048576K
}
Event: 139.392 GC heap before
{Heap before GC invocations=43 (full 0):
 garbage-first heap   total 184320K, used 150736K [0x0000000700000000, 0x0000000800000000)
  region size 2048K, 19 young (38912K), 2 survivors (4096K)
 Metaspace       used 86697K, committed 87616K, reserved 1179648K
  class space    used 11901K, committed 12352K, reserved 1048576K
}
Event: 139.399 GC heap after
{Heap after GC invocations=44 (full 0):
 garbage-first heap   total 184320K, used 117728K [0x0000000700000000, 0x0000000800000000)
  region size 2048K, 3 young (6144K), 3 survivors (6144K)
 Metaspace       used 86697K, committed 87616K, reserved 1179648K
  class space    used 11901K, committed 12352K, reserved 1048576K
}
Event: 140.186 GC heap before
{Heap before GC invocations=44 (full 0):
 garbage-first heap   total 184320K, used 154592K [0x0000000700000000, 0x0000000800000000)
  region size 2048K, 19 young (38912K), 3 survivors (6144K)
 Metaspace       used 89089K, committed 89984K, reserved 1179648K
  class space    used 12238K, committed 12672K, reserved 1048576K
}
Event: 140.190 GC heap after
{Heap after GC invocations=45 (full 0):
 garbage-first heap   total 221184K, used 122777K [0x0000000700000000, 0x0000000800000000)
  region size 2048K, 2 young (4096K), 2 survivors (4096K)
 Metaspace       used 89089K, committed 89984K, reserved 1179648K
  class space    used 12238K, committed 12672K, reserved 1048576K
}
Event: 141.132 GC heap before
{Heap before GC invocations=45 (full 0):
 garbage-first heap   total 221184K, used 180121K [0x0000000700000000, 0x0000000800000000)
  region size 2048K, 30 young (61440K), 2 survivors (4096K)
 Metaspace       used 92088K, committed 93056K, reserved 1179648K
  class space    used 12677K, committed 13120K, reserved 1048576K
}
Event: 141.138 GC heap after
{Heap after GC invocations=46 (full 0):
 garbage-first heap   total 221184K, used 125514K [0x0000000700000000, 0x0000000800000000)
  region size 2048K, 3 young (6144K), 3 survivors (6144K)
 Metaspace       used 92088K, committed 93056K, reserved 1179648K
  class space    used 12677K, committed 13120K, reserved 1048576K
}
Event: 141.764 GC heap before
{Heap before GC invocations=46 (full 0):
 garbage-first heap   total 221184K, used 180810K [0x0000000700000000, 0x0000000800000000)
  region size 2048K, 30 young (61440K), 3 survivors (6144K)
 Metaspace       used 93199K, committed 94208K, reserved 1179648K
  class space    used 12827K, committed 13312K, reserved 1048576K
}
Event: 141.772 GC heap after
{Heap after GC invocations=47 (full 0):
 garbage-first heap   total 221184K, used 129277K [0x0000000700000000, 0x0000000800000000)
  region size 2048K, 4 young (8192K), 4 survivors (8192K)
 Metaspace       used 93199K, committed 94208K, reserved 1179648K
  class space    used 12827K, committed 13312K, reserved 1048576K
}
Event: 142.578 GC heap before
{Heap before GC invocations=47 (full 0):
 garbage-first heap   total 221184K, used 180477K [0x0000000700000000, 0x0000000800000000)
  region size 2048K, 30 young (61440K), 4 survivors (8192K)
 Metaspace       used 96427K, committed 97472K, reserved 1179648K
  class space    used 13338K, committed 13824K, reserved 1048576K
}
Event: 142.585 GC heap after
{Heap after GC invocations=48 (full 0):
 garbage-first heap   total 221184K, used 130941K [0x0000000700000000, 0x0000000800000000)
  region size 2048K, 3 young (6144K), 3 survivors (6144K)
 Metaspace       used 96427K, committed 97472K, reserved 1179648K
  class space    used 13338K, committed 13824K, reserved 1048576K
}
Event: 143.524 GC heap before
{Heap before GC invocations=48 (full 0):
 garbage-first heap   total 221184K, used 184189K [0x0000000700000000, 0x0000000800000000)
  region size 2048K, 29 young (59392K), 3 survivors (6144K)
 Metaspace       used 99916K, committed 100992K, reserved 1179648K
  class space    used 13914K, committed 14400K, reserved 1048576K
}
Event: 143.531 GC heap after
{Heap after GC invocations=49 (full 0):
 garbage-first heap   total 221184K, used 133215K [0x0000000700000000, 0x0000000800000000)
  region size 2048K, 2 young (4096K), 2 survivors (4096K)
 Metaspace       used 99916K, committed 100992K, reserved 1179648K
  class space    used 13914K, committed 14400K, reserved 1048576K
}
Event: 144.355 GC heap before
{Heap before GC invocations=49 (full 0):
 garbage-first heap   total 221184K, used 186463K [0x0000000700000000, 0x0000000800000000)
  region size 2048K, 28 young (57344K), 2 survivors (4096K)
 Metaspace       used 101974K, committed 103040K, reserved 1179648K
  class space    used 14200K, committed 14720K, reserved 1048576K
}
Event: 144.363 GC heap after
{Heap after GC invocations=50 (full 0):
 garbage-first heap   total 221184K, used 137305K [0x0000000700000000, 0x0000000800000000)
  region size 2048K, 4 young (8192K), 4 survivors (8192K)
 Metaspace       used 101974K, committed 103040K, reserved 1179648K
  class space    used 14200K, committed 14720K, reserved 1048576K
}
Event: 145.206 GC heap before
{Heap before GC invocations=50 (full 0):
 garbage-first heap   total 221184K, used 184409K [0x0000000700000000, 0x0000000800000000)
  region size 2048K, 28 young (57344K), 4 survivors (8192K)
 Metaspace       used 102688K, committed 103744K, reserved 1179648K
  class space    used 14281K, committed 14784K, reserved 1048576K
}
Event: 145.220 GC heap after
{Heap after GC invocations=51 (full 0):
 garbage-first heap   total 221184K, used 142189K [0x0000000700000000, 0x0000000800000000)
  region size 2048K, 3 young (6144K), 3 survivors (6144K)
 Metaspace       used 102688K, committed 103744K, reserved 1179648K
  class space    used 14281K, committed 14784K, reserved 1048576K
}
Event: 145.343 GC heap before
{Heap before GC invocations=51 (full 0):
 garbage-first heap   total 221184K, used 183149K [0x0000000700000000, 0x0000000800000000)
  region size 2048K, 24 young (49152K), 3 survivors (6144K)
 Metaspace       used 102688K, committed 103744K, reserved 1179648K
  class space    used 14281K, committed 14784K, reserved 1048576K
}
Event: 145.349 GC heap after
{Heap after GC invocations=52 (full 0):
 garbage-first heap   total 221184K, used 143552K [0x0000000700000000, 0x0000000800000000)
  region size 2048K, 2 young (4096K), 2 survivors (4096K)
 Metaspace       used 102688K, committed 103744K, reserved 1179648K
  class space    used 14281K, committed 14784K, reserved 1048576K
}

